build/outputs/logs/manifest-merger-debug-report.txt
-- Merging decision tree log ---
manifest
ADDED from guolinyao/myproject/AndroidManifest.xml:2:1-462:12
	package
		ADDED from guolinyao/myproject/AndroidManifest.xml:4:11-37
	android:versionName
		ADDED from guolinyao/myproject/AndroidManifest.xml:6:11-36
		INJECTED from guolinyao/myproject/AndroidManifest.xml
		INJECTED from guolinyao/myproject/AndroidManifest.xml
	xmlns:tools
		ADDED from guolinyao/myproject/AndroidManifest.xml:3:11-57
	android:versionCode
		ADDED from guolinyao/myproject/AndroidManifest.xml:5:11-34
		INJECTED from guolinyao/myproject/AndroidManifest.xml
		INJECTED from guolinyao/myproject/AndroidManifest.xml
	xmlns:android
		ADDED from guolinyao/myproject/AndroidManifest.xml:2:11-69
uses-sdk
ADDED from guolinyao/myproject/AndroidManifest.xml:8:5-11:56
MERGED from [homhomlin.lib:sldinglayout:0.8.0] AndroidManifest.xml:5:5-7:41
	tools:overrideLibrary
		ADDED from guolinyao/myproject/AndroidManifest.xml:11:9-53
	android:targetSdkVersion
		ADDED from guolinyao/myproject/AndroidManifest.xml:10:9-38
	android:minSdkVersion
		ADDED from guolinyao/myproject/AndroidManifest.xml:9:9-34
uses-permission#android.permission.INTERNET
ADDED from guolinyao/myproject/AndroidManifest.xml:13:5-67
	android:name
		ADDED from guolinyao/myproject/AndroidManifest.xml:13:22-64
uses-permission#android.permission.ACCESS_NETWORK_STATE
ADDED from guolinyao/myproject/AndroidManifest.xml:14:5-79
	android:name
		ADDED from guolinyao/myproject/AndroidManifest.xml:14:22-76
uses-permission#android.permission.READ_EXTERNAL_STORAGE
ADDED from guolinyao/myproject/AndroidManifest.xml:15:5-80
	android:name
		ADDED from guolinyao/myproject/AndroidManifest.xml:15:22-77
uses-permission#android.permission.MOUNT_UNMOUNT_FILESYSTEMS
ADDED from guolinyao/myproject/AndroidManifest.xml:16:5-84
	android:name
		ADDED from guolinyao/myproject/AndroidManifest.xml:16:22-81
uses-permission#android.permission.ACCESS_WIFI_STATE
ADDED from guolinyao/myproject/AndroidManifest.xml:17:5-76
	android:name
		ADDED from guolinyao/myproject/AndroidManifest.xml:17:22-73
uses-permission#android.permission.READ_PHONE_STATE
ADDED from guolinyao/myproject/AndroidManifest.xml:18:5-75
	android:name
		ADDED from guolinyao/myproject/AndroidManifest.xml:18:22-72
uses-permission#android.permission.WRITE_EXTERNAL_STORAGE
ADDED from guolinyao/myproject/AndroidManifest.xml:19:5-81
	android:name
		ADDED from guolinyao/myproject/AndroidManifest.xml:19:22-78
uses-permission#android.permission.GET_TASKS
ADDED from guolinyao/myproject/AndroidManifest.xml:20:5-68
	android:name
		ADDED from guolinyao/myproject/AndroidManifest.xml:20:22-65
uses-permission#android.permission.VIBRATE
ADDED from guolinyao/myproject/AndroidManifest.xml:21:5-66
	android:name
		ADDED from guolinyao/myproject/AndroidManifest.xml:21:22-63
uses-permission#android.permission.CAMERA
ADDED from guolinyao/myproject/AndroidManifest.xml:22:5-65
	android:name
		ADDED from guolinyao/myproject/AndroidManifest.xml:22:22-62
uses-permission#android.permission.READ_LOGS
ADDED from guolinyao/myproject/AndroidManifest.xml:24:5-68
	android:name
		ADDED from guolinyao/myproject/AndroidManifest.xml:24:22-65
uses-permission#android.permission.CALL_PHONE
ADDED from guolinyao/myproject/AndroidManifest.xml:25:5-69
	android:name
		ADDED from guolinyao/myproject/AndroidManifest.xml:25:22-66
uses-permission#android.permission.ACCESS_FINE_LOCATION
ADDED from guolinyao/myproject/AndroidManifest.xml:26:5-79
	android:name
		ADDED from guolinyao/myproject/AndroidManifest.xml:26:22-76
uses-permission#android.permission.ACCESS_COARSE_LOCATION
ADDED from guolinyao/myproject/AndroidManifest.xml:27:5-81
	android:name
		ADDED from guolinyao/myproject/AndroidManifest.xml:27:22-78
uses-permission#android.permission.SET_DEBUG_APP
ADDED from guolinyao/myproject/AndroidManifest.xml:28:5-72
	android:name
		ADDED from guolinyao/myproject/AndroidManifest.xml:28:22-69
uses-permission#android.permission.SYSTEM_ALERT_WINDOW
ADDED from guolinyao/myproject/AndroidManifest.xml:29:5-78
	android:name
		ADDED from guolinyao/myproject/AndroidManifest.xml:29:22-75
uses-permission#android.permission.GET_ACCOUNTS
ADDED from guolinyao/myproject/AndroidManifest.xml:30:5-71
	android:name
		ADDED from guolinyao/myproject/AndroidManifest.xml:30:22-68
uses-permission#android.permission.USE_CREDENTIALS
ADDED from guolinyao/myproject/AndroidManifest.xml:31:5-74
	android:name
		ADDED from guolinyao/myproject/AndroidManifest.xml:31:22-71
uses-permission#android.permission.MANAGE_ACCOUNTS
ADDED from guolinyao/myproject/AndroidManifest.xml:32:5-74
	android:name
		ADDED from guolinyao/myproject/AndroidManifest.xml:32:22-71
uses-feature#android.hardware.camera
ADDED from guolinyao/myproject/AndroidManifest.xml:34:5-60
	android:name
		ADDED from guolinyao/myproject/AndroidManifest.xml:34:19-57
uses-feature#android.hardware.camera.autofocus
ADDED from guolinyao/myproject/AndroidManifest.xml:35:5-70
	android:name
		ADDED from guolinyao/myproject/AndroidManifest.xml:35:19-67
uses-permission#android.permission.FLASHLIGHT
ADDED from guolinyao/myproject/AndroidManifest.xml:37:5-69
	android:name
		ADDED from guolinyao/myproject/AndroidManifest.xml:37:22-66
application
ADDED from guolinyao/myproject/AndroidManifest.xml:40:5-460:19
MERGED from [homhomlin.lib:sldinglayout:0.8.0] AndroidManifest.xml:9:5-12:19
	android:label
		ADDED from guolinyao/myproject/AndroidManifest.xml:45:9-41
	android:supportsRtl
		ADDED from [homhomlin.lib:sldinglayout:0.8.0] AndroidManifest.xml:11:9-35
	android:hardwareAccelerated
		ADDED from guolinyao/myproject/AndroidManifest.xml:43:9-44
	android:allowBackup
		ADDED from guolinyao/myproject/AndroidManifest.xml:42:9-35
	android:icon
		ADDED from guolinyao/myproject/AndroidManifest.xml:44:9-45
	android:theme
		ADDED from guolinyao/myproject/AndroidManifest.xml:46:9-40
	android:name
		ADDED from guolinyao/myproject/AndroidManifest.xml:41:9-45
activity#com.shixi.gaodun.view.activity.WelcomeActivity
ADDED from guolinyao/myproject/AndroidManifest.xml:49:9-64:20
	android:screenOrientation
		ADDED from guolinyao/myproject/AndroidManifest.xml:52:13-49
	android:label
		ADDED from guolinyao/myproject/AndroidManifest.xml:51:13-45
	android:theme
		ADDED from guolinyao/myproject/AndroidManifest.xml:53:13-50
	android:name
		ADDED from guolinyao/myproject/AndroidManifest.xml:50:13-58
intent-filter#android.intent.action.MAIN+android.intent.category.LAUNCHER
ADDED from guolinyao/myproject/AndroidManifest.xml:59:13-63:29
action#android.intent.action.MAIN
ADDED from guolinyao/myproject/AndroidManifest.xml:60:17-69
	android:name
		ADDED from guolinyao/myproject/AndroidManifest.xml:60:25-66
category#android.intent.category.LAUNCHER
ADDED from guolinyao/myproject/AndroidManifest.xml:62:17-77
	android:name
		ADDED from guolinyao/myproject/AndroidManifest.xml:62:27-74
activity#com.shixi.gaodun.view.activity.UserAreementActivity
ADDED from guolinyao/myproject/AndroidManifest.xml:72:9-74:52
	android:screenOrientation
		ADDED from guolinyao/myproject/AndroidManifest.xml:74:13-49
	android:name
		ADDED from guolinyao/myproject/AndroidManifest.xml:73:13-63
activity#com.shixi.gaodun.view.activity.RegisterActivity
ADDED from guolinyao/myproject/AndroidManifest.xml:76:9-79:64
	android:screenOrientation
		ADDED from guolinyao/myproject/AndroidManifest.xml:78:13-49
	android:theme
		ADDED from guolinyao/myproject/AndroidManifest.xml:79:13-61
	android:name
		ADDED from guolinyao/myproject/AndroidManifest.xml:77:13-59
activity#com.shixi.gaodun.view.activity.FindPwdForPhoneActivity
ADDED from guolinyao/myproject/AndroidManifest.xml:80:9-82:52
	android:screenOrientation
		ADDED from guolinyao/myproject/AndroidManifest.xml:82:13-49
	android:name
		ADDED from guolinyao/myproject/AndroidManifest.xml:81:13-66
activity#com.shixi.gaodun.view.activity.MainActivity
ADDED from guolinyao/myproject/AndroidManifest.xml:83:9-85:52
	android:screenOrientation
		ADDED from guolinyao/myproject/AndroidManifest.xml:85:13-49
	android:name
		ADDED from guolinyao/myproject/AndroidManifest.xml:84:13-55
activity#com.shixi.gaodun.view.activity.LoginActivity
ADDED from guolinyao/myproject/AndroidManifest.xml:86:9-89:64
	android:screenOrientation
		ADDED from guolinyao/myproject/AndroidManifest.xml:88:13-49
	android:theme
		ADDED from guolinyao/myproject/AndroidManifest.xml:89:13-61
	android:name
		ADDED from guolinyao/myproject/AndroidManifest.xml:87:13-56
activity#com.shixi.gaodun.view.activity.FindPwdForEmailActivity
ADDED from guolinyao/myproject/AndroidManifest.xml:90:9-92:52
	android:screenOrientation
		ADDED from guolinyao/myproject/AndroidManifest.xml:92:13-49
	android:name
		ADDED from guolinyao/myproject/AndroidManifest.xml:91:13-66
activity#com.shixi.gaodun.view.activity.SettingActivity
ADDED from guolinyao/myproject/AndroidManifest.xml:93:9-95:52
	android:screenOrientation
		ADDED from guolinyao/myproject/AndroidManifest.xml:95:13-49
	android:name
		ADDED from guolinyao/myproject/AndroidManifest.xml:94:13-58
activity#com.shixi.gaodun.view.activity.OpinionFeedbackActivity
ADDED from guolinyao/myproject/AndroidManifest.xml:96:9-98:52
	android:screenOrientation
		ADDED from guolinyao/myproject/AndroidManifest.xml:98:13-49
	android:name
		ADDED from guolinyao/myproject/AndroidManifest.xml:97:13-66
activity#com.shixi.gaodun.view.activity.UpdatePwdActivity
ADDED from guolinyao/myproject/AndroidManifest.xml:105:9-107:52
	android:screenOrientation
		ADDED from guolinyao/myproject/AndroidManifest.xml:107:13-49
	android:name
		ADDED from guolinyao/myproject/AndroidManifest.xml:106:13-60
activity#com.shixi.gaodun.view.activity.TestPhoneNumberActivity
ADDED from guolinyao/myproject/AndroidManifest.xml:108:9-110:52
	android:screenOrientation
		ADDED from guolinyao/myproject/AndroidManifest.xml:110:13-49
	android:name
		ADDED from guolinyao/myproject/AndroidManifest.xml:109:13-66
activity#com.shixi.gaodun.view.activity.BasicInfoSetActivity
ADDED from guolinyao/myproject/AndroidManifest.xml:111:9-113:52
	android:screenOrientation
		ADDED from guolinyao/myproject/AndroidManifest.xml:113:13-49
	android:name
		ADDED from guolinyao/myproject/AndroidManifest.xml:112:13-63
activity#com.shixi.gaodun.view.activity.BasicInfoOneActivity
ADDED from guolinyao/myproject/AndroidManifest.xml:114:9-116:52
	android:screenOrientation
		ADDED from guolinyao/myproject/AndroidManifest.xml:116:13-49
	android:name
		ADDED from guolinyao/myproject/AndroidManifest.xml:115:13-63
activity#com.shixi.gaodun.view.activity.PersonalInformationActivity
ADDED from guolinyao/myproject/AndroidManifest.xml:117:9-119:52
	android:screenOrientation
		ADDED from guolinyao/myproject/AndroidManifest.xml:119:13-49
	android:name
		ADDED from guolinyao/myproject/AndroidManifest.xml:118:13-70
activity#com.shixi.gaodun.view.activity.PoliticsStatusOrSexActivity
ADDED from guolinyao/myproject/AndroidManifest.xml:120:9-122:52
	android:screenOrientation
		ADDED from guolinyao/myproject/AndroidManifest.xml:122:13-49
	android:name
		ADDED from guolinyao/myproject/AndroidManifest.xml:121:13-70
activity#com.shixi.gaodun.view.activity.SelectPresentAddressActivity
ADDED from guolinyao/myproject/AndroidManifest.xml:123:9-126:64
	android:screenOrientation
		ADDED from guolinyao/myproject/AndroidManifest.xml:125:13-49
	android:theme
		ADDED from guolinyao/myproject/AndroidManifest.xml:126:13-61
	android:name
		ADDED from guolinyao/myproject/AndroidManifest.xml:124:13-71
activity#com.shixi.gaodun.view.activity.MajorClassifyActivity
ADDED from guolinyao/myproject/AndroidManifest.xml:127:9-129:52
	android:screenOrientation
		ADDED from guolinyao/myproject/AndroidManifest.xml:129:13-49
	android:name
		ADDED from guolinyao/myproject/AndroidManifest.xml:128:13-64
activity#com.shixi.gaodun.view.activity.EducationListActivity
ADDED from guolinyao/myproject/AndroidManifest.xml:130:9-132:52
	android:screenOrientation
		ADDED from guolinyao/myproject/AndroidManifest.xml:132:13-49
	android:name
		ADDED from guolinyao/myproject/AndroidManifest.xml:131:13-64
activity#com.shixi.gaodun.view.activity.TestEmailAccountActivity
ADDED from guolinyao/myproject/AndroidManifest.xml:133:9-135:52
	android:screenOrientation
		ADDED from guolinyao/myproject/AndroidManifest.xml:135:13-49
	android:name
		ADDED from guolinyao/myproject/AndroidManifest.xml:134:13-67
activity#com.shixi.gaodun.view.activity.BasicInfoTwoActivity
ADDED from guolinyao/myproject/AndroidManifest.xml:136:9-138:52
	android:screenOrientation
		ADDED from guolinyao/myproject/AndroidManifest.xml:138:13-49
	android:name
		ADDED from guolinyao/myproject/AndroidManifest.xml:137:13-63
activity#com.shixi.gaodun.view.activity.invitation.EditActivity
ADDED from guolinyao/myproject/AndroidManifest.xml:139:9-141:52
	android:screenOrientation
		ADDED from guolinyao/myproject/AndroidManifest.xml:141:13-49
	android:name
		ADDED from guolinyao/myproject/AndroidManifest.xml:140:13-66
activity#com.shixi.gaodun.view.activity.EveryWeekDayActivity
ADDED from guolinyao/myproject/AndroidManifest.xml:142:9-144:52
	android:screenOrientation
		ADDED from guolinyao/myproject/AndroidManifest.xml:144:13-49
	android:name
		ADDED from guolinyao/myproject/AndroidManifest.xml:143:13-63
activity#com.shixi.gaodun.view.activity.SelectInternshipAreaActivity
ADDED from guolinyao/myproject/AndroidManifest.xml:151:9-153:52
	android:screenOrientation
		ADDED from guolinyao/myproject/AndroidManifest.xml:153:13-49
	android:name
		ADDED from guolinyao/myproject/AndroidManifest.xml:152:13-71
activity#com.shixi.gaodun.view.activity.CanIntershipStagActivity
ADDED from guolinyao/myproject/AndroidManifest.xml:160:9-162:52
	android:screenOrientation
		ADDED from guolinyao/myproject/AndroidManifest.xml:162:13-49
	android:name
		ADDED from guolinyao/myproject/AndroidManifest.xml:161:13-67
activity#com.shixi.gaodun.view.activity.ExpectDailyWageActivity
ADDED from guolinyao/myproject/AndroidManifest.xml:163:9-165:52
	android:screenOrientation
		ADDED from guolinyao/myproject/AndroidManifest.xml:165:13-49
	android:name
		ADDED from guolinyao/myproject/AndroidManifest.xml:164:13-66
activity#com.shixi.gaodun.view.activity.AddEducationBGActivity
ADDED from guolinyao/myproject/AndroidManifest.xml:166:9-168:52
	android:screenOrientation
		ADDED from guolinyao/myproject/AndroidManifest.xml:168:13-49
	android:name
		ADDED from guolinyao/myproject/AndroidManifest.xml:167:13-65
activity#com.shixi.gaodun.view.activity.AddinternshipExperienceActivity
ADDED from guolinyao/myproject/AndroidManifest.xml:169:9-172:70
	android:screenOrientation
		ADDED from guolinyao/myproject/AndroidManifest.xml:171:13-49
	android:windowSoftInputMode
		ADDED from guolinyao/myproject/AndroidManifest.xml:172:13-67
	android:name
		ADDED from guolinyao/myproject/AndroidManifest.xml:170:13-74
activity#com.shixi.gaodun.view.activity.AddExtracurricularActivity
ADDED from guolinyao/myproject/AndroidManifest.xml:173:9-175:52
	android:screenOrientation
		ADDED from guolinyao/myproject/AndroidManifest.xml:175:13-49
	android:name
		ADDED from guolinyao/myproject/AndroidManifest.xml:174:13-69
activity#com.shixi.gaodun.view.activity.AddCertificateActivity
ADDED from guolinyao/myproject/AndroidManifest.xml:176:9-178:52
	android:screenOrientation
		ADDED from guolinyao/myproject/AndroidManifest.xml:178:13-49
	android:name
		ADDED from guolinyao/myproject/AndroidManifest.xml:177:13-65
activity#com.shixi.gaodun.view.activity.CertificateTypeListActivity
ADDED from guolinyao/myproject/AndroidManifest.xml:179:9-181:52
	android:screenOrientation
		ADDED from guolinyao/myproject/AndroidManifest.xml:181:13-49
	android:name
		ADDED from guolinyao/myproject/AndroidManifest.xml:180:13-70
activity#com.shixi.gaodun.view.activity.SchoolOfficeActivity
ADDED from guolinyao/myproject/AndroidManifest.xml:183:9-186:75
	android:screenOrientation
		ADDED from guolinyao/myproject/AndroidManifest.xml:185:13-49
	android:windowSoftInputMode
		ADDED from guolinyao/myproject/AndroidManifest.xml:186:13-72
	android:name
		ADDED from guolinyao/myproject/AndroidManifest.xml:184:13-63
activity#com.shixi.gaodun.view.activity.AddHonorActivity
ADDED from guolinyao/myproject/AndroidManifest.xml:188:9-190:52
	android:screenOrientation
		ADDED from guolinyao/myproject/AndroidManifest.xml:190:13-49
	android:name
		ADDED from guolinyao/myproject/AndroidManifest.xml:189:13-59
activity#com.shixi.gaodun.view.activity.AddDearHRActivity
ADDED from guolinyao/myproject/AndroidManifest.xml:192:9-194:52
	android:screenOrientation
		ADDED from guolinyao/myproject/AndroidManifest.xml:194:13-49
	android:name
		ADDED from guolinyao/myproject/AndroidManifest.xml:193:13-60
activity#com.shixi.gaodun.view.activity.BasicInfoThreeActivity
ADDED from guolinyao/myproject/AndroidManifest.xml:203:9-205:52
	android:screenOrientation
		ADDED from guolinyao/myproject/AndroidManifest.xml:205:13-49
	android:name
		ADDED from guolinyao/myproject/AndroidManifest.xml:204:13-65
activity#com.shixi.gaodun.view.activity.MineResumeDynamicActivity
ADDED from guolinyao/myproject/AndroidManifest.xml:207:9-209:52
	android:screenOrientation
		ADDED from guolinyao/myproject/AndroidManifest.xml:209:13-49
	android:name
		ADDED from guolinyao/myproject/AndroidManifest.xml:208:13-68
activity#com.shixi.gaodun.view.activity.MineBrowsingHistoryActivity
ADDED from guolinyao/myproject/AndroidManifest.xml:211:9-213:52
	android:screenOrientation
		ADDED from guolinyao/myproject/AndroidManifest.xml:213:13-49
	android:name
		ADDED from guolinyao/myproject/AndroidManifest.xml:212:13-70
activity#com.shixi.gaodun.view.activity.MineCollectionActivity
ADDED from guolinyao/myproject/AndroidManifest.xml:215:9-217:52
	android:screenOrientation
		ADDED from guolinyao/myproject/AndroidManifest.xml:217:13-49
	android:name
		ADDED from guolinyao/myproject/AndroidManifest.xml:216:13-65
activity#com.shixi.gaodun.view.activity.MinePreviewResumeActivity
ADDED from guolinyao/myproject/AndroidManifest.xml:219:9-221:52
	android:screenOrientation
		ADDED from guolinyao/myproject/AndroidManifest.xml:221:13-49
	android:name
		ADDED from guolinyao/myproject/AndroidManifest.xml:220:13-68
activity#com.shixi.gaodun.view.activity.enterprise.SearchPositionActivity
ADDED from guolinyao/myproject/AndroidManifest.xml:223:9-225:52
	android:screenOrientation
		ADDED from guolinyao/myproject/AndroidManifest.xml:225:13-49
	android:name
		ADDED from guolinyao/myproject/AndroidManifest.xml:224:13-76
activity#com.shixi.gaodun.view.activity.enterprise.PositionDetailActivity
ADDED from guolinyao/myproject/AndroidManifest.xml:227:9-229:52
	android:screenOrientation
		ADDED from guolinyao/myproject/AndroidManifest.xml:229:13-49
	android:name
		ADDED from guolinyao/myproject/AndroidManifest.xml:228:13-76
activity#com.shixi.gaodun.view.activity.invitation.PostInvitationActivity
ADDED from guolinyao/myproject/AndroidManifest.xml:254:9-257:70
	android:screenOrientation
		ADDED from guolinyao/myproject/AndroidManifest.xml:256:13-49
	android:windowSoftInputMode
		ADDED from guolinyao/myproject/AndroidManifest.xml:257:13-67
	android:name
		ADDED from guolinyao/myproject/AndroidManifest.xml:255:13-76
activity#com.shixi.gaodun.view.activity.SelectPictureActivity
ADDED from guolinyao/myproject/AndroidManifest.xml:259:9-261:52
	android:screenOrientation
		ADDED from guolinyao/myproject/AndroidManifest.xml:261:13-49
	android:name
		ADDED from guolinyao/myproject/AndroidManifest.xml:260:13-64
activity#com.shixi.gaodun.view.activity.invitation.EditProfileActivity
ADDED from guolinyao/myproject/AndroidManifest.xml:263:9-265:52
	android:screenOrientation
		ADDED from guolinyao/myproject/AndroidManifest.xml:265:13-49
	android:name
		ADDED from guolinyao/myproject/AndroidManifest.xml:264:13-73
activity#com.shixi.gaodun.view.activity.TopicIntroduceActivity
ADDED from guolinyao/myproject/AndroidManifest.xml:267:9-269:52
	android:screenOrientation
		ADDED from guolinyao/myproject/AndroidManifest.xml:269:13-49
	android:name
		ADDED from guolinyao/myproject/AndroidManifest.xml:268:13-65
activity#com.shixi.gaodun.view.activity.invitation.CommentDetailActivity
ADDED from guolinyao/myproject/AndroidManifest.xml:278:9-281:70
	android:screenOrientation
		ADDED from guolinyao/myproject/AndroidManifest.xml:280:13-49
	android:windowSoftInputMode
		ADDED from guolinyao/myproject/AndroidManifest.xml:281:13-67
	android:name
		ADDED from guolinyao/myproject/AndroidManifest.xml:279:13-75
activity#com.shixi.gaodun.view.activity.messagecenter.MessageActivity
ADDED from guolinyao/myproject/AndroidManifest.xml:283:9-285:52
	android:screenOrientation
		ADDED from guolinyao/myproject/AndroidManifest.xml:285:13-49
	android:name
		ADDED from guolinyao/myproject/AndroidManifest.xml:284:13-72
activity#com.shixi.gaodun.view.activity.messagecenter.SystemMessageActivity
ADDED from guolinyao/myproject/AndroidManifest.xml:287:9-289:52
	android:screenOrientation
		ADDED from guolinyao/myproject/AndroidManifest.xml:289:13-49
	android:name
		ADDED from guolinyao/myproject/AndroidManifest.xml:288:13-78
activity#com.shixi.gaodun.view.activity.messagecenter.MessageDetailActivity
ADDED from guolinyao/myproject/AndroidManifest.xml:291:9-293:52
	android:screenOrientation
		ADDED from guolinyao/myproject/AndroidManifest.xml:293:13-49
	android:name
		ADDED from guolinyao/myproject/AndroidManifest.xml:292:13-78
activity#com.shixi.gaodun.view.activity.invitation.InvitationListActivity
ADDED from guolinyao/myproject/AndroidManifest.xml:295:9-297:52
	android:screenOrientation
		ADDED from guolinyao/myproject/AndroidManifest.xml:297:13-49
	android:name
		ADDED from guolinyao/myproject/AndroidManifest.xml:296:13-76
activity#com.shixi.gaodun.view.activity.ResumeEditActivity
ADDED from guolinyao/myproject/AndroidManifest.xml:299:9-301:52
	android:screenOrientation
		ADDED from guolinyao/myproject/AndroidManifest.xml:301:13-49
	android:name
		ADDED from guolinyao/myproject/AndroidManifest.xml:300:13-61
activity#com.shixi.gaodun.view.activity.invitation.InvitationDetailListActivity
ADDED from guolinyao/myproject/AndroidManifest.xml:302:9-304:52
	android:screenOrientation
		ADDED from guolinyao/myproject/AndroidManifest.xml:304:13-49
	android:name
		ADDED from guolinyao/myproject/AndroidManifest.xml:303:13-82
activity#com.shixi.gaodun.view.activity.enterprise.PositionSearchActivity
ADDED from guolinyao/myproject/AndroidManifest.xml:306:9-308:52
	android:screenOrientation
		ADDED from guolinyao/myproject/AndroidManifest.xml:308:13-49
	android:name
		ADDED from guolinyao/myproject/AndroidManifest.xml:307:13-76
activity#com.shixi.gaodun.view.activity.mine.MineCollectionActivity
ADDED from guolinyao/myproject/AndroidManifest.xml:310:9-312:52
	android:screenOrientation
		ADDED from guolinyao/myproject/AndroidManifest.xml:312:13-49
	android:name
		ADDED from guolinyao/myproject/AndroidManifest.xml:311:13-70
activity#com.shixi.gaodun.view.activity.enterprise.EnterpriseDetailActivity
ADDED from guolinyao/myproject/AndroidManifest.xml:314:9-316:52
	android:screenOrientation
		ADDED from guolinyao/myproject/AndroidManifest.xml:316:13-49
	android:name
		ADDED from guolinyao/myproject/AndroidManifest.xml:315:13-78
activity#com.shixi.gaodun.view.activity.BannerImageDetail
ADDED from guolinyao/myproject/AndroidManifest.xml:318:9-320:52
	android:screenOrientation
		ADDED from guolinyao/myproject/AndroidManifest.xml:320:13-49
	android:name
		ADDED from guolinyao/myproject/AndroidManifest.xml:319:13-60
activity#com.shixi.gaodun.view.activity.banner.RecommendActivity
ADDED from guolinyao/myproject/AndroidManifest.xml:322:9-324:52
	android:screenOrientation
		ADDED from guolinyao/myproject/AndroidManifest.xml:324:13-49
	android:name
		ADDED from guolinyao/myproject/AndroidManifest.xml:323:13-67
activity#com.shixi.gaodun.view.activity.guide.GuideActivity
ADDED from guolinyao/myproject/AndroidManifest.xml:326:9-328:52
	android:screenOrientation
		ADDED from guolinyao/myproject/AndroidManifest.xml:328:13-49
	android:name
		ADDED from guolinyao/myproject/AndroidManifest.xml:327:13-62
activity#com.shixi.gaodun.view.activity.hunter.HunterJobsActivity
ADDED from guolinyao/myproject/AndroidManifest.xml:331:9-333:52
	android:screenOrientation
		ADDED from guolinyao/myproject/AndroidManifest.xml:333:13-49
	android:name
		ADDED from guolinyao/myproject/AndroidManifest.xml:332:13-68
activity#com.shixi.gaodun.view.activity.hunter.EmergencyTaskActivity
ADDED from guolinyao/myproject/AndroidManifest.xml:335:9-337:52
	android:screenOrientation
		ADDED from guolinyao/myproject/AndroidManifest.xml:337:13-49
	android:name
		ADDED from guolinyao/myproject/AndroidManifest.xml:336:13-71
activity#com.shixi.gaodun.view.activity.hunter.HunterMineActivity
ADDED from guolinyao/myproject/AndroidManifest.xml:340:9-342:52
	android:screenOrientation
		ADDED from guolinyao/myproject/AndroidManifest.xml:342:13-49
	android:name
		ADDED from guolinyao/myproject/AndroidManifest.xml:341:13-68
activity#com.shixi.gaodun.view.activity.hunter.CollectedResumeActivity
ADDED from guolinyao/myproject/AndroidManifest.xml:344:9-346:52
	android:screenOrientation
		ADDED from guolinyao/myproject/AndroidManifest.xml:346:13-49
	android:name
		ADDED from guolinyao/myproject/AndroidManifest.xml:345:13-73
activity#com.shixi.gaodun.view.activity.hunter.RuleRewardActivity
ADDED from guolinyao/myproject/AndroidManifest.xml:348:9-350:52
	android:screenOrientation
		ADDED from guolinyao/myproject/AndroidManifest.xml:350:13-49
	android:name
		ADDED from guolinyao/myproject/AndroidManifest.xml:349:13-68
activity#com.shixi.gaodun.view.activity.hunter.HuntToolActivity
ADDED from guolinyao/myproject/AndroidManifest.xml:352:9-354:52
	android:screenOrientation
		ADDED from guolinyao/myproject/AndroidManifest.xml:354:13-49
	android:name
		ADDED from guolinyao/myproject/AndroidManifest.xml:353:13-66
activity#com.shixi.gaodun.view.activity.invitation.GalleryActivity
ADDED from guolinyao/myproject/AndroidManifest.xml:357:9-359:52
	android:screenOrientation
		ADDED from guolinyao/myproject/AndroidManifest.xml:359:13-49
	android:name
		ADDED from guolinyao/myproject/AndroidManifest.xml:358:13-69
activity#com.shixi.gaodun.view.activity.SelectGraduateYearActivity
ADDED from guolinyao/myproject/AndroidManifest.xml:362:9-364:52
	android:screenOrientation
		ADDED from guolinyao/myproject/AndroidManifest.xml:364:13-49
	android:name
		ADDED from guolinyao/myproject/AndroidManifest.xml:363:13-69
activity#com.shixi.gaodun.view.activity.TalentBankGuideActivity
ADDED from guolinyao/myproject/AndroidManifest.xml:367:9-369:52
	android:screenOrientation
		ADDED from guolinyao/myproject/AndroidManifest.xml:369:13-49
	android:name
		ADDED from guolinyao/myproject/AndroidManifest.xml:368:13-66
activity#com.shixi.gaodun.view.activity.TalentBankEditActivity
ADDED from guolinyao/myproject/AndroidManifest.xml:371:9-373:52
	android:screenOrientation
		ADDED from guolinyao/myproject/AndroidManifest.xml:373:13-49
	android:name
		ADDED from guolinyao/myproject/AndroidManifest.xml:372:13-65
activity#com.shixi.gaodun.view.activity.MyTalentBankPreviewActivity
ADDED from guolinyao/myproject/AndroidManifest.xml:375:9-377:52
	android:screenOrientation
		ADDED from guolinyao/myproject/AndroidManifest.xml:377:13-49
	android:name
		ADDED from guolinyao/myproject/AndroidManifest.xml:376:13-70
activity#com.shixi.gaodun.view.activity.TalentInviteRuleActivity
ADDED from guolinyao/myproject/AndroidManifest.xml:379:9-381:52
	android:screenOrientation
		ADDED from guolinyao/myproject/AndroidManifest.xml:381:13-49
	android:name
		ADDED from guolinyao/myproject/AndroidManifest.xml:380:13-67
activity#com.umeng.socialize.editorpage.ShareActivity
ADDED from guolinyao/myproject/AndroidManifest.xml:384:9-387:54
	android:excludeFromRecents
		ADDED from guolinyao/myproject/AndroidManifest.xml:386:13-46
	android:theme
		ADDED from guolinyao/myproject/AndroidManifest.xml:387:13-51
	android:name
		ADDED from guolinyao/myproject/AndroidManifest.xml:385:13-72
activity#com.umeng.soexample.wxapi.WXEntryActivity
ADDED from guolinyao/myproject/AndroidManifest.xml:389:9-394:75
	android:screenOrientation
		ADDED from guolinyao/myproject/AndroidManifest.xml:393:13-49
	android:exported
		ADDED from guolinyao/myproject/AndroidManifest.xml:392:13-36
	android:configChanges
		ADDED from guolinyao/myproject/AndroidManifest.xml:391:13-74
	android:theme
		ADDED from guolinyao/myproject/AndroidManifest.xml:394:13-72
	android:name
		ADDED from guolinyao/myproject/AndroidManifest.xml:390:13-69
activity#com.umeng.soexample.WBShareActivity
ADDED from guolinyao/myproject/AndroidManifest.xml:396:9-405:20
	android:screenOrientation
		ADDED from guolinyao/myproject/AndroidManifest.xml:399:13-49
	android:configChanges
		ADDED from guolinyao/myproject/AndroidManifest.xml:398:13-63
	android:name
		ADDED from guolinyao/myproject/AndroidManifest.xml:397:13-63
intent-filter#android.intent.category.DEFAULT+com.sina.weibo.sdk.action.ACTION_SDK_REQ_ACTIVITY
ADDED from guolinyao/myproject/AndroidManifest.xml:400:13-404:29
action#com.sina.weibo.sdk.action.ACTION_SDK_REQ_ACTIVITY
ADDED from guolinyao/myproject/AndroidManifest.xml:401:17-92
	android:name
		ADDED from guolinyao/myproject/AndroidManifest.xml:401:25-89
category#android.intent.category.DEFAULT
ADDED from guolinyao/myproject/AndroidManifest.xml:403:17-76
	android:name
		ADDED from guolinyao/myproject/AndroidManifest.xml:403:27-73
activity#com.sina.weibo.sdk.component.WeiboSdkBrowser
ADDED from guolinyao/myproject/AndroidManifest.xml:406:9-411:20
	android:exported
		ADDED from guolinyao/myproject/AndroidManifest.xml:409:13-37
	android:windowSoftInputMode
		ADDED from guolinyao/myproject/AndroidManifest.xml:410:13-55
	android:configChanges
		ADDED from guolinyao/myproject/AndroidManifest.xml:408:13-63
	android:name
		ADDED from guolinyao/myproject/AndroidManifest.xml:407:13-72
activity#com.tencent.tauth.AuthActivity
ADDED from guolinyao/myproject/AndroidManifest.xml:422:9-434:20
	android:launchMode
		ADDED from guolinyao/myproject/AndroidManifest.xml:424:13-44